15:41:02.464 [reactor-http-nio-7] INFO  c.m.r.service.UserOrdersService -- [1111] Getting UserOrders for user: user1
15:41:07.453 [reactor-http-nio-8] DEBUG c.m.r.service.UserOrdersService -- [1111] Received order: Order[phoneNumber=123456789, orderNumber=Order_0, productCode=3852]
15:41:10.035 [reactor-http-nio-8] DEBUG c.m.r.service.UserOrdersService -- [1111] Received products: [Product[productId=111, productCode=3852, productName=IceCream, score=1247.67], Product[productId=222, productCode=3852, productName=Milk, score=4183.74], Product[productId=333, productCode=3852, productName=Meal, score=3117.07], Product[productId=444, productCode=3852, productName=Apple, score=7256.18]]
15:41:10.036 [reactor-http-nio-8] INFO  c.m.r.service.UserOrdersService -- [] Inside map(userAndOrderAndProducts -> ...
15:41:12.060 [reactor-http-nio-8] DEBUG c.m.r.service.UserOrdersService -- [1111] Received order: Order[phoneNumber=123456789, orderNumber=Order_1, productCode=5256]
15:41:16.696 [reactor-http-nio-8] DEBUG c.m.r.service.UserOrdersService -- [1111] Received order: Order[phoneNumber=123456789, orderNumber=Order_2, productCode=7894]
15:41:17.552 [reactor-http-nio-8] DEBUG c.m.r.service.UserOrdersService -- [1111] Received products: [Product[productId=111, productCode=5256, productName=IceCream, score=1667.19], Product[productId=222, productCode=5256, productName=Milk, score=9694.88], Product[productId=333, productCode=5256, productName=Meal, score=6298.53], Product[productId=444, productCode=5256, productName=Apple, score=3397.83]]
15:41:17.553 [reactor-http-nio-8] INFO  c.m.r.service.UserOrdersService -- [] Inside map(userAndOrderAndProducts -> ...
15:41:21.314 [reactor-http-nio-8] DEBUG c.m.r.service.UserOrdersService -- [1111] Received order: Order[phoneNumber=123456789, orderNumber=Order_3, productCode=9822]
15:41:23.705 [parallel-7] ERROR c.m.r.service.UserOrdersService -- [1111] Error happened during fetching products by code 7894
java.util.concurrent.TimeoutException: Did not observe any item or terminal signal within 7000ms in 'flatMap' (and no fallback has been configured)
	at reactor.core.publisher.FluxTimeout$TimeoutMainSubscriber.handleTimeout(FluxTimeout.java:295)
	at reactor.core.publisher.FluxTimeout$TimeoutMainSubscriber.doTimeout(FluxTimeout.java:280)
	at reactor.core.publisher.FluxTimeout$TimeoutTimeoutSubscriber.onNext(FluxTimeout.java:419)
	at reactor.core.publisher.FluxOnErrorReturn$ReturnSubscriber.onNext(FluxOnErrorReturn.java:162)
	at reactor.core.publisher.MonoDelay$MonoDelayRunnable.propagateDelay(MonoDelay.java:271)
	at reactor.core.publisher.MonoDelay$MonoDelayRunnable.run(MonoDelay.java:286)
	at reactor.core.scheduler.SchedulerTask.call(SchedulerTask.java:68)
	at reactor.core.scheduler.SchedulerTask.call(SchedulerTask.java:28)
	at java.base/java.util.concurrent.FutureTask.run(FutureTask.java:264)
	at java.base/java.util.concurrent.ScheduledThreadPoolExecutor$ScheduledFutureTask.run(ScheduledThreadPoolExecutor.java:304)
	at java.base/java.util.concurrent.ThreadPoolExecutor.runWorker(ThreadPoolExecutor.java:1136)
	at java.base/java.util.concurrent.ThreadPoolExecutor$Worker.run(ThreadPoolExecutor.java:635)
	at java.base/java.lang.Thread.run(Thread.java:833)
15:41:23.709 [parallel-7] DEBUG c.m.r.service.UserOrdersService -- [1111] Received products: []
15:41:23.710 [parallel-7] INFO  c.m.r.service.UserOrdersService -- [] Inside map(userAndOrderAndProducts -> ...
15:41:23.889 [reactor-http-nio-8] DEBUG c.m.r.service.UserOrdersService -- [1111] Received products: [Product[productId=111, productCode=9822, productName=IceCream, score=8933.59], Product[productId=222, productCode=9822, productName=Milk, score=9057.12], Product[productId=333, productCode=9822, productName=Meal, score=8535.22], Product[productId=444, productCode=9822, productName=Apple, score=518.83]]
15:41:23.890 [reactor-http-nio-8] INFO  c.m.r.service.UserOrdersService -- [] Inside map(userAndOrderAndProducts -> ...
